0 info it worked if it ends with ok
1 verbose cli [ 'node',
1 verbose cli   '/Users/Max/.meteor/packages/meteor-tool/.1.3.2_4.lbyo5v++os.osx.x86_64+web.browser+web.cordova/mt-os.osx.x86_64/dev_bundle/bin/npm',
1 verbose cli   'install' ]
2 info using npm@2.14.22
3 info using node@v0.10.43
4 verbose config Skipping project config: /Users/Max/.npmrc. (matches userconfig)
5 verbose readDependencies loading dependencies from /Users/Max/package.json
6 error install Couldn't read dependencies
7 verbose stack Error: ENOENT, open '/Users/Max/package.json'
8 verbose cwd /Users/Max/Dropbox/Personal/Develop/Lab/hackkean-todo-game
9 error Darwin 15.4.0
10 error argv "node" "/Users/Max/.meteor/packages/meteor-tool/.1.3.2_4.lbyo5v++os.osx.x86_64+web.browser+web.cordova/mt-os.osx.x86_64/dev_bundle/bin/npm" "install"
11 error node v0.10.43
12 error npm  v2.14.22
13 error path /Users/Max/package.json
14 error code ENOPACKAGEJSON
15 error errno 34
16 error package.json ENOENT, open '/Users/Max/package.json'
16 error package.json This is most likely not a problem with npm itself.
16 error package.json npm can't find a package.json file in your current directory.
17 verbose exit [ 34, true ]
